# JRE version: OpenJDK Runtime Environment (21.0.3+10) (build 21.0.3+10-LTS)
# Java VM: OpenJDK 64-Bit Server VM (21.0.3+10-LTS, mixed mode, sharing, tiered, compressed oops, compressed class ptrs, g1 gc, windows-amd64)
GC Precious Log:
 CardTable entry size: 512
 Card Set container configuration: InlinePtr #cards 5 size 8 Array Of Cards #cards 12 size 40 Howl #buckets 4 coarsen threshold 1843 Howl Bitmap #cards 512 size 80 coarsen threshold 460 Card regions per heap region 1 cards per card region 2048
 CPUs: 4 total, 4 available
 Memory: 3917M
 Large Page Support: Disabled
 NUMA Support: Disabled
 Compressed Oops: Enabled (32-bit)
 Heap Region Size: 1M
 Heap Min Capacity: 8M
 Heap Initial Capacity: 62M
 Heap Max Capacity: 980M
 Pre-touch: Disabled
 Parallel Workers: 4
 Concurrent Workers: 1
 Concurrent Refinement Workers: 4
 Periodic GC: Disabled
Heap:
 garbage-first heap   total 68608K, used 55601K [0x00000000c2c00000, 0x0000000100000000)
  region size 1024K, 22 young (22528K), 3 survivors (3072K)
 Metaspace       used 72260K, committed 72960K, reserved 1114112K
  class space    used 9660K, committed 9984K, reserved 1048576K
GC Heap History (20 events):
Event: 6.656 GC heap before
{Heap before GC invocations=6 (full 0):
 garbage-first heap   total 58368K, used 48412K [0x00000000c2c00000, 0x0000000100000000)
  region size 1024K, 34 young (34816K), 1 survivors (1024K)
 Metaspace       used 25516K, committed 25856K, reserved 1114112K
  class space    used 3116K, committed 3264K, reserved 1048576K
}
Event: 6.663 GC heap after
{Heap after GC invocations=7 (full 0):
 garbage-first heap   total 58368K, used 19217K [0x00000000c2c00000, 0x0000000100000000)
  region size 1024K, 5 young (5120K), 5 survivors (5120K)
 Metaspace       used 25516K, committed 25856K, reserved 1114112K
  class space    used 3116K, committed 3264K, reserved 1048576K
}
Event: 8.264 GC heap before
{Heap before GC invocations=7 (full 0):
 garbage-first heap   total 58368K, used 44817K [0x00000000c2c00000, 0x0000000100000000)
  region size 1024K, 31 young (31744K), 5 survivors (5120K)
 Metaspace       used 29916K, committed 30336K, reserved 1114112K
  class space    used 3708K, committed 3904K, reserved 1048576K
}
Event: 8.272 GC heap after
{Heap after GC invocations=8 (full 0):
 garbage-first heap   total 58368K, used 20155K [0x00000000c2c00000, 0x0000000100000000)
  region size 1024K, 2 young (2048K), 2 survivors (2048K)
 Metaspace       used 29916K, committed 30336K, reserved 1114112K
  class space    used 3708K, committed 3904K, reserved 1048576K
}
Event: 9.488 GC heap before
{Heap before GC invocations=8 (full 0):
 garbage-first heap   total 58368K, used 46779K [0x00000000c2c00000, 0x0000000100000000)
  region size 1024K, 29 young (29696K), 2 survivors (2048K)
 Metaspace       used 34631K, committed 35136K, reserved 1114112K
  class space    used 4365K, committed 4608K, reserved 1048576K
}
Event: 9.497 GC heap after
{Heap after GC invocations=9 (full 0):
 garbage-first heap   total 58368K, used 23685K [0x00000000c2c00000, 0x0000000100000000)
  region size 1024K, 4 young (4096K), 4 survivors (4096K)
 Metaspace       used 34631K, committed 35136K, reserved 1114112K
  class space    used 4365K, committed 4608K, reserved 1048576K
}
Event: 9.976 GC heap before
{Heap before GC invocations=9 (full 0):
 garbage-first heap   total 58368K, used 51333K [0x00000000c2c00000, 0x0000000100000000)
  region size 1024K, 27 young (27648K), 4 survivors (4096K)
 Metaspace       used 35609K, committed 36096K, reserved 1114112K
  class space    used 4468K, committed 4736K, reserved 1048576K
}
Event: 9.985 GC heap after
{Heap after GC invocations=10 (full 0):
 garbage-first heap   total 60416K, used 27289K [0x00000000c2c00000, 0x0000000100000000)
  region size 1024K, 4 young (4096K), 4 survivors (4096K)
 Metaspace       used 35609K, committed 36096K, reserved 1114112K
  class space    used 4468K, committed 4736K, reserved 1048576K
}
Event: 12.574 GC heap before
{Heap before GC invocations=11 (full 0):
 garbage-first heap   total 60416K, used 49817K [0x00000000c2c00000, 0x0000000100000000)
  region size 1024K, 26 young (26624K), 4 survivors (4096K)
 Metaspace       used 39866K, committed 40448K, reserved 1114112K
  class space    used 5049K, committed 5312K, reserved 1048576K
}
Event: 12.580 GC heap after
{Heap after GC invocations=12 (full 0):
 garbage-first heap   total 60416K, used 28954K [0x00000000c2c00000, 0x0000000100000000)
  region size 1024K, 2 young (2048K), 2 survivors (2048K)
 Metaspace       used 39866K, committed 40448K, reserved 1114112K
  class space    used 5049K, committed 5312K, reserved 1048576K
}
Event: 13.886 GC heap before
{Heap before GC invocations=12 (full 0):
 garbage-first heap   total 60416K, used 49434K [0x00000000c2c00000, 0x0000000100000000)
  region size 1024K, 23 young (23552K), 2 survivors (2048K)
 Metaspace       used 46152K, committed 46720K, reserved 1114112K
  class space    used 5971K, committed 6208K, reserved 1048576K
}
Event: 13.893 GC heap after
{Heap after GC invocations=13 (full 0):
 garbage-first heap   total 60416K, used 30385K [0x00000000c2c00000, 0x0000000100000000)
  region size 1024K, 3 young (3072K), 3 survivors (3072K)
 Metaspace       used 46152K, committed 46720K, reserved 1114112K
  class space    used 5971K, committed 6208K, reserved 1048576K
}
Event: 15.592 GC heap before
{Heap before GC invocations=13 (full 0):
 garbage-first heap   total 60416K, used 50865K [0x00000000c2c00000, 0x0000000100000000)
  region size 1024K, 24 young (24576K), 3 survivors (3072K)
 Metaspace       used 54056K, committed 54656K, reserved 1114112K
  class space    used 6987K, committed 7232K, reserved 1048576K
}
Event: 15.607 GC heap after
{Heap after GC invocations=14 (full 0):
 garbage-first heap   total 60416K, used 33053K [0x00000000c2c00000, 0x0000000100000000)
  region size 1024K, 3 young (3072K), 3 survivors (3072K)
 Metaspace       used 54056K, committed 54656K, reserved 1114112K
  class space    used 6987K, committed 7232K, reserved 1048576K
}
Event: 17.259 GC heap before
{Heap before GC invocations=15 (full 0):
 garbage-first heap   total 65536K, used 51485K [0x00000000c2c00000, 0x0000000100000000)
  region size 1024K, 22 young (22528K), 3 survivors (3072K)
 Metaspace       used 59989K, committed 60544K, reserved 1114112K
  class space    used 7831K, committed 8064K, reserved 1048576K
}
Event: 17.269 GC heap after
{Heap after GC invocations=16 (full 0):
 garbage-first heap   total 65536K, used 34148K [0x00000000c2c00000, 0x0000000100000000)
  region size 1024K, 2 young (2048K), 2 survivors (2048K)
 Metaspace       used 59989K, committed 60544K, reserved 1114112K
  class space    used 7831K, committed 8064K, reserved 1048576K
}
Event: 18.330 GC heap before
{Heap before GC invocations=16 (full 0):
 garbage-first heap   total 65536K, used 56676K [0x00000000c2c00000, 0x0000000100000000)
  region size 1024K, 24 young (24576K), 2 survivors (2048K)
 Metaspace       used 65529K, committed 66176K, reserved 1114112K
  class space    used 8741K, committed 9024K, reserved 1048576K
}
Event: 18.334 GC heap after
{Heap after GC invocations=17 (full 0):
 garbage-first heap   total 65536K, used 34872K [0x00000000c2c00000, 0x0000000100000000)
  region size 1024K, 2 young (2048K), 2 survivors (2048K)
 Metaspace       used 65529K, committed 66176K, reserved 1114112K
  class space    used 8741K, committed 9024K, reserved 1048576K
}
Event: 19.546 GC heap before
{Heap before GC invocations=17 (full 0):
 garbage-first heap   total 65536K, used 57400K [0x00000000c2c00000, 0x0000000100000000)
  region size 1024K, 24 young (24576K), 2 survivors (2048K)
 Metaspace       used 70351K, committed 70976K, reserved 1114112K
  class space    used 9348K, committed 9664K, reserved 1048576K
}
Event: 19.555 GC heap after
{Heap after GC invocations=18 (full 0):
 garbage-first heap   total 65536K, used 37169K [0x00000000c2c00000, 0x0000000100000000)
  region size 1024K, 3 young (3072K), 3 survivors (3072K)
 Metaspace       used 70351K, committed 70976K, reserved 1114112K
  class space    used 9348K, committed 9664K, reserved 1048576K
}

