# JRE version: OpenJDK Runtime Environment (21.0.3+10) (build 21.0.3+10-LTS)
# Java VM: OpenJDK 64-Bit Server VM (21.0.3+10-LTS, mixed mode, sharing, tiered, compressed oops, compressed class ptrs, g1 gc, windows-amd64)
GC Precious Log:
 CardTable entry size: 512
 Card Set container configuration: InlinePtr #cards 5 size 8 Array Of Cards #cards 12 size 40 Howl #buckets 4 coarsen threshold 1843 Howl Bitmap #cards 512 size 80 coarsen threshold 460 Card regions per heap region 1 cards per card region 2048
 CPUs: 4 total, 4 available
 Memory: 3917M
 Large Page Support: Disabled
 NUMA Support: Disabled
 Compressed Oops: Enabled (32-bit)
 Heap Region Size: 1M
 Heap Min Capacity: 8M
 Heap Initial Capacity: 62M
 Heap Max Capacity: 980M
 Pre-touch: Disabled
 Parallel Workers: 4
 Concurrent Workers: 1
 Concurrent Refinement Workers: 4
 Periodic GC: Disabled
Heap:
 garbage-first heap   total 62464K, used 39651K [0x00000000c2c00000, 0x0000000100000000)
  region size 1024K, 6 young (6144K), 3 survivors (3072K)
 Metaspace       used 70853K, committed 71552K, reserved 1114112K
  class space    used 9405K, committed 9728K, reserved 1048576K
GC Heap History (20 events):
Event: 8.703 GC heap before
{Heap before GC invocations=6 (full 0):
 garbage-first heap   total 58368K, used 49711K [0x00000000c2c00000, 0x0000000100000000)
  region size 1024K, 34 young (34816K), 1 survivors (1024K)
 Metaspace       used 25485K, committed 25856K, reserved 1114112K
  class space    used 3118K, committed 3264K, reserved 1048576K
}
Event: 8.709 GC heap after
{Heap after GC invocations=7 (full 0):
 garbage-first heap   total 58368K, used 19154K [0x00000000c2c00000, 0x0000000100000000)
  region size 1024K, 4 young (4096K), 4 survivors (4096K)
 Metaspace       used 25485K, committed 25856K, reserved 1114112K
  class space    used 3118K, committed 3264K, reserved 1048576K
}
Event: 10.223 GC heap before
{Heap before GC invocations=7 (full 0):
 garbage-first heap   total 58368K, used 46802K [0x00000000c2c00000, 0x0000000100000000)
  region size 1024K, 31 young (31744K), 4 survivors (4096K)
 Metaspace       used 29970K, committed 30400K, reserved 1114112K
  class space    used 3719K, committed 3904K, reserved 1048576K
}
Event: 10.235 GC heap after
{Heap after GC invocations=8 (full 0):
 garbage-first heap   total 58368K, used 20717K [0x00000000c2c00000, 0x0000000100000000)
  region size 1024K, 3 young (3072K), 3 survivors (3072K)
 Metaspace       used 29970K, committed 30400K, reserved 1114112K
  class space    used 3719K, committed 3904K, reserved 1048576K
}
Event: 11.450 GC heap before
{Heap before GC invocations=8 (full 0):
 garbage-first heap   total 58368K, used 46317K [0x00000000c2c00000, 0x0000000100000000)
  region size 1024K, 28 young (28672K), 3 survivors (3072K)
 Metaspace       used 34330K, committed 34816K, reserved 1114112K
  class space    used 4344K, committed 4608K, reserved 1048576K
}
Event: 11.457 GC heap after
{Heap after GC invocations=9 (full 0):
 garbage-first heap   total 58368K, used 23767K [0x00000000c2c00000, 0x0000000100000000)
  region size 1024K, 4 young (4096K), 4 survivors (4096K)
 Metaspace       used 34330K, committed 34816K, reserved 1114112K
  class space    used 4344K, committed 4608K, reserved 1048576K
}
Event: 11.952 GC heap before
{Heap before GC invocations=9 (full 0):
 garbage-first heap   total 58368K, used 51415K [0x00000000c2c00000, 0x0000000100000000)
  region size 1024K, 28 young (28672K), 4 survivors (4096K)
 Metaspace       used 35603K, committed 36096K, reserved 1114112K
  class space    used 4466K, committed 4736K, reserved 1048576K
}
Event: 11.962 GC heap after
{Heap after GC invocations=10 (full 0):
 garbage-first heap   total 62464K, used 28279K [0x00000000c2c00000, 0x0000000100000000)
  region size 1024K, 4 young (4096K), 4 survivors (4096K)
 Metaspace       used 35603K, committed 36096K, reserved 1114112K
  class space    used 4466K, committed 4736K, reserved 1048576K
}
Event: 13.151 GC heap before
{Heap before GC invocations=11 (full 0):
 garbage-first heap   total 62464K, used 51831K [0x00000000c2c00000, 0x0000000100000000)
  region size 1024K, 27 young (27648K), 4 survivors (4096K)
 Metaspace       used 40184K, committed 40768K, reserved 1114112K
  class space    used 5089K, committed 5376K, reserved 1048576K
}
Event: 13.162 GC heap after
{Heap after GC invocations=12 (full 0):
 garbage-first heap   total 62464K, used 29939K [0x00000000c2c00000, 0x0000000100000000)
  region size 1024K, 2 young (2048K), 2 survivors (2048K)
 Metaspace       used 40184K, committed 40768K, reserved 1114112K
  class space    used 5089K, committed 5376K, reserved 1048576K
}
Event: 14.374 GC heap before
{Heap before GC invocations=12 (full 0):
 garbage-first heap   total 62464K, used 52467K [0x00000000c2c00000, 0x0000000100000000)
  region size 1024K, 24 young (24576K), 2 survivors (2048K)
 Metaspace       used 46707K, committed 47232K, reserved 1114112K
  class space    used 6045K, committed 6272K, reserved 1048576K
}
Event: 14.380 GC heap after
{Heap after GC invocations=13 (full 0):
 garbage-first heap   total 62464K, used 31428K [0x00000000c2c00000, 0x0000000100000000)
  region size 1024K, 3 young (3072K), 3 survivors (3072K)
 Metaspace       used 46707K, committed 47232K, reserved 1114112K
  class space    used 6045K, committed 6272K, reserved 1048576K
}
Event: 16.486 GC heap before
{Heap before GC invocations=13 (full 0):
 garbage-first heap   total 62464K, used 52932K [0x00000000c2c00000, 0x0000000100000000)
  region size 1024K, 25 young (25600K), 3 survivors (3072K)
 Metaspace       used 54914K, committed 55552K, reserved 1114112K
  class space    used 7077K, committed 7360K, reserved 1048576K
}
Event: 16.494 GC heap after
{Heap after GC invocations=14 (full 0):
 garbage-first heap   total 62464K, used 33777K [0x00000000c2c00000, 0x0000000100000000)
  region size 1024K, 4 young (4096K), 4 survivors (4096K)
 Metaspace       used 54914K, committed 55552K, reserved 1114112K
  class space    used 7077K, committed 7360K, reserved 1048576K
}
Event: 18.155 GC heap before
{Heap before GC invocations=15 (full 0):
 garbage-first heap   total 62464K, used 54257K [0x00000000c2c00000, 0x0000000100000000)
  region size 1024K, 24 young (24576K), 4 survivors (4096K)
 Metaspace       used 61078K, committed 61696K, reserved 1114112K
  class space    used 8027K, committed 8320K, reserved 1048576K
}
Event: 18.162 GC heap after
{Heap after GC invocations=16 (full 0):
 garbage-first heap   total 62464K, used 34872K [0x00000000c2c00000, 0x0000000100000000)
  region size 1024K, 2 young (2048K), 2 survivors (2048K)
 Metaspace       used 61078K, committed 61696K, reserved 1114112K
  class space    used 8027K, committed 8320K, reserved 1048576K
}
Event: 20.274 GC heap before
{Heap before GC invocations=16 (full 0):
 garbage-first heap   total 62464K, used 55352K [0x00000000c2c00000, 0x0000000100000000)
  region size 1024K, 22 young (22528K), 2 survivors (2048K)
 Metaspace       used 66127K, committed 66816K, reserved 1114112K
  class space    used 8819K, committed 9152K, reserved 1048576K
}
Event: 20.280 GC heap after
{Heap after GC invocations=17 (full 0):
 garbage-first heap   total 62464K, used 35351K [0x00000000c2c00000, 0x0000000100000000)
  region size 1024K, 2 young (2048K), 2 survivors (2048K)
 Metaspace       used 66127K, committed 66816K, reserved 1114112K
  class space    used 8819K, committed 9152K, reserved 1048576K
}
Event: 21.831 GC heap before
{Heap before GC invocations=17 (full 0):
 garbage-first heap   total 62464K, used 55831K [0x00000000c2c00000, 0x0000000100000000)
  region size 1024K, 22 young (22528K), 2 survivors (2048K)
 Metaspace       used 70742K, committed 71488K, reserved 1114112K
  class space    used 9400K, committed 9728K, reserved 1048576K
}
Event: 21.837 GC heap after
{Heap after GC invocations=18 (full 0):
 garbage-first heap   total 62464K, used 37603K [0x00000000c2c00000, 0x0000000100000000)
  region size 1024K, 3 young (3072K), 3 survivors (3072K)
 Metaspace       used 70742K, committed 71488K, reserved 1114112K
  class space    used 9400K, committed 9728K, reserved 1048576K
}

